Temp/gradleOut/unityLibrary/build/intermediates/manifest_merge_blame_file/release/manifest-merger-blame-release-report.txt
1<?xml version="1.0" encoding="utf-8"?>
2<!-- GENERATED BY UNITY. REMOVE THIS COMMENT TO PREVENT OVERWRITING WHEN EXPORTING AGAIN -->
3<manifest xmlns:android="http://schemas.android.com/apk/res/android"
4    xmlns:tools="http://schemas.android.com/tools"
5    package="com.unity3d.player"
6    android:versionCode="1"
7    android:versionName="0.1" >
8
9    <uses-sdk
10        android:minSdkVersion="26"
10-->src\main\AndroidManifest.xml
11        android:targetSdkVersion="30" />
11-->src\main\AndroidManifest.xml
12
13    <uses-feature android:glEsVersion="0x00030000" />
13-->src\main\AndroidManifest.xml:21:3-52
13-->src\main\AndroidManifest.xml:21:17-49
14
15    <uses-permission android:name="android.permission.INTERNET" />
15-->src\main\AndroidManifest.xml:22:3-65
15-->src\main\AndroidManifest.xml:22:20-62
16
17    <uses-feature
17-->src\main\AndroidManifest.xml:23:3-88
18        android:name="android.hardware.touchscreen"
18-->src\main\AndroidManifest.xml:23:17-60
19        android:required="false" />
19-->src\main\AndroidManifest.xml:23:61-85
20    <uses-feature
20-->src\main\AndroidManifest.xml:24:3-99
21        android:name="android.hardware.touchscreen.multitouch"
21-->src\main\AndroidManifest.xml:24:17-71
22        android:required="false" />
22-->src\main\AndroidManifest.xml:24:72-96
23    <uses-feature
23-->src\main\AndroidManifest.xml:25:3-108
24        android:name="android.hardware.touchscreen.multitouch.distinct"
24-->src\main\AndroidManifest.xml:25:17-80
25        android:required="false" />
25-->src\main\AndroidManifest.xml:25:81-105
26
27    <uses-permission android:name="android.permission.CAMERA" />
27-->src\main\AndroidManifest.xml:26:3-63
27-->src\main\AndroidManifest.xml:26:20-60
28
29    <uses-feature
29-->src\main\AndroidManifest.xml:27:3-83
30        android:name="com.google.ar.core.depth"
30-->src\main\AndroidManifest.xml:27:17-56
31        android:required="true" />
31-->src\main\AndroidManifest.xml:27:57-80
32
33    <application>
33-->src\main\AndroidManifest.xml:4:3-20:17
34        <activity
34-->src\main\AndroidManifest.xml:5:5-12:16
35            android:name="com.unity3d.player.UnityPlayerActivity"
35-->src\main\AndroidManifest.xml:5:15-68
36            android:configChanges="mcc|mnc|locale|touchscreen|keyboard|keyboardHidden|navigation|orientation|screenLayout|uiMode|screenSize|smallestScreenSize|fontScale|layoutDirection|density"
36-->src\main\AndroidManifest.xml:5:182-363
37            android:hardwareAccelerated="false"
37-->src\main\AndroidManifest.xml:5:399-434
38            android:launchMode="singleTask"
38-->src\main\AndroidManifest.xml:5:150-181
39            android:resizeableActivity="false"
39-->src\main\AndroidManifest.xml:5:364-398
40            android:screenOrientation="fullSensor"
40-->src\main\AndroidManifest.xml:5:111-149
41            android:theme="@style/UnityThemeSelector" >
41-->src\main\AndroidManifest.xml:5:69-110
42            <intent-filter>
42-->src\main\AndroidManifest.xml:6:7-9:23
43                <action android:name="android.intent.action.MAIN" />
43-->src\main\AndroidManifest.xml:7:9-61
43-->src\main\AndroidManifest.xml:7:17-58
44
45                <category android:name="android.intent.category.LAUNCHER" />
45-->src\main\AndroidManifest.xml:8:9-69
45-->src\main\AndroidManifest.xml:8:19-66
46            </intent-filter>
47
48            <meta-data
48-->src\main\AndroidManifest.xml:10:7-82
49                android:name="unityplayer.UnityActivity"
49-->src\main\AndroidManifest.xml:10:18-58
50                android:value="true" />
50-->src\main\AndroidManifest.xml:10:59-79
51            <meta-data
51-->src\main\AndroidManifest.xml:11:7-78
52                android:name="android.notch_support"
52-->src\main\AndroidManifest.xml:11:18-54
53                android:value="true" />
53-->src\main\AndroidManifest.xml:11:55-75
54        </activity>
55
56        <meta-data
56-->src\main\AndroidManifest.xml:13:5-69
57            android:name="unity.splash-mode"
57-->src\main\AndroidManifest.xml:13:16-48
58            android:value="0" />
58-->src\main\AndroidManifest.xml:13:49-66
59        <meta-data
59-->src\main\AndroidManifest.xml:14:5-74
60            android:name="unity.splash-enable"
60-->src\main\AndroidManifest.xml:14:16-50
61            android:value="True" />
61-->src\main\AndroidManifest.xml:14:51-71
62        <meta-data
62-->src\main\AndroidManifest.xml:15:5-84
63            android:name="unity.allow-resizable-window"
63-->src\main\AndroidManifest.xml:15:16-59
64            android:value="False" />
64-->src\main\AndroidManifest.xml:15:60-81
65        <meta-data
65-->src\main\AndroidManifest.xml:16:5-81
66            android:name="notch.config"
66-->src\main\AndroidManifest.xml:16:16-43
67            android:value="portrait|landscape" />
67-->src\main\AndroidManifest.xml:16:44-78
68        <meta-data
68-->src\main\AndroidManifest.xml:17:5-101
69            android:name="unity.build-id"
69-->src\main\AndroidManifest.xml:17:16-45
70            android:value="2bc2dc4e-a4e6-42d2-be62-fe7db80082ff" />
70-->src\main\AndroidManifest.xml:17:46-98
71        <meta-data
71-->src\main\AndroidManifest.xml:18:5-88
72            android:name="unityplayer.SkipPermissionsDialog"
72-->src\main\AndroidManifest.xml:18:16-64
73            android:value="true" />
73-->src\main\AndroidManifest.xml:18:65-85
74        <meta-data
74-->src\main\AndroidManifest.xml:19:5-77
75            android:name="com.google.ar.core"
75-->src\main\AndroidManifest.xml:19:16-49
76            android:value="optional" />
76-->src\main\AndroidManifest.xml:19:50-74
77    </application>
78
79</manifest>